<?xml version="1.0" encoding="UTF-8"?>
<testExecutions version="1">
  <file path="/Users/rex/Documents/LS_Projects/GitHub/POC/Express JS/express-typescript-v3/tests/unit-tests/lib/crypto.spec.ts">
    <testCase name="Crypto Lib (Encryption/Decryption) Testing for text" duration="26"/>
    <testCase name="Crypto Lib (Encryption/Decryption) Testing for array" duration="10"/>
    <testCase name="Crypto Lib (Encryption/Decryption) Testing for object" duration="9"/>
  </file>
  <file path="/Users/rex/Documents/LS_Projects/GitHub/POC/Express JS/express-typescript-v3/tests/unit-tests/dummy.spec.ts">
    <testCase name="Dummy Test Cases Verify Jest is working" duration="8"/>
  </file>
  <file path="/Users/rex/Documents/LS_Projects/GitHub/POC/Express JS/express-typescript-v3/tests/unit-tests/lib/logger.spec.ts">
    <testCase name="Logger Lib should create a new log directory if one doesn&apos;t already exist" duration="19"/>
  </file>
  <file path="/Users/rex/Documents/LS_Projects/GitHub/POC/Express JS/express-typescript-v3/tests/unit-tests/components/SystemStatusController.spec.ts">
    <testCase name="System Status Controller test getError method" duration="8"/>
    <testCase name="System Status Controller test getSystemInfo method" duration="5"/>
    <testCase name="System Status Controller test getSystemInfo method with updated env variables" duration="5"/>
    <testCase name="System Status Controller test getSystemInfo method with exception" duration="2"/>
    <testCase name="System Status Controller test getServerTime method" duration="2"/>
    <testCase name="System Status Controller test getServerTime method with exception" duration="0"/>
    <testCase name="System Status Controller test getResourceUsage method" duration="2"/>
    <testCase name="System Status Controller test getResourceUsage method with exception" duration="0"/>
    <testCase name="System Status Controller test getProcessInfo method" duration="0"/>
    <testCase name="System Status Controller test getProcessInfo method with exception" duration="1"/>
  </file>
  <file path="/Users/rex/Documents/LS_Projects/GitHub/POC/Express JS/express-typescript-v3/tests/unit-tests/middleware/error-handler.spec.ts">
    <testCase name="ErrorHandler middleware with 0 status code" duration="13"/>
    <testCase name="ErrorHandler middleware with 200 status code" duration="1"/>
    <testCase name="ErrorHandler middleware with 200 status code" duration="2"/>
    <testCase name="ErrorHandler middleware with 200 status code and updated env variables" duration="6"/>
  </file>
  <file path="/Users/rex/Documents/LS_Projects/GitHub/POC/Express JS/express-typescript-v3/tests/integration-tests/app.integration.spec.ts">
  </file>
  <file path="/Users/rex/Documents/LS_Projects/GitHub/POC/Express JS/express-typescript-v3/tests/integration-tests/status.integration.spec.ts">
    <testCase name="status integration tests can get server time" duration="46"/>
    <testCase name="status integration tests can get server system info" duration="12"/>
    <testCase name="status integration tests can get server system usage" duration="5"/>
    <testCase name="status integration tests can get server system process info" duration="4"/>
    <testCase name="status integration tests should get the error" duration="10"/>
  </file>
</testExecutions>